--2026-03-27 22:14:04--  https://www.clover.ai/
Resolving www.clover.ai (www.clover.ai)... 34.202.203.47, 18.211.166.153, 54.243.86.28
Connecting to www.clover.ai (www.clover.ai)|34.202.203.47|:443... connected.
HTTP request sent, awaiting response... 200 OK
Length: unspecified [text/html]
Saving to: ‘/tmp/cloverai_legacy_snapshot.Zi0zRV/mirror/www.clover.ai/index.html’

     0K .......... ..                                          8.51M=0.001s

2026-03-27 22:14:04 (8.51 MB/s) - ‘/tmp/cloverai_legacy_snapshot.Zi0zRV/mirror/www.clover.ai/index.html’ saved [12512]

--2026-03-27 22:14:04--  https://www.clover.ai/programming-language
Reusing existing connection to www.clover.ai:443.
HTTP request sent, awaiting response... 200 OK
Length: unspecified [text/html]
Saving to: ‘/tmp/cloverai_legacy_snapshot.Zi0zRV/mirror/www.clover.ai/programming-language.html’

     0K .......... ..                                          6.95M=0.002s

2026-03-27 22:14:04 (6.95 MB/s) - ‘/tmp/cloverai_legacy_snapshot.Zi0zRV/mirror/www.clover.ai/programming-language.html’ saved [12303]

--2026-03-27 22:14:04--  https://www.clover.ai/about-us
Reusing existing connection to www.clover.ai:443.
HTTP request sent, awaiting response... 200 OK
Length: unspecified [text/html]
Saving to: ‘/tmp/cloverai_legacy_snapshot.Zi0zRV/mirror/www.clover.ai/about-us.html’

     0K .......... .......                                     74.2M=0s

2026-03-27 22:14:04 (74.2 MB/s) - ‘/tmp/cloverai_legacy_snapshot.Zi0zRV/mirror/www.clover.ai/about-us.html’ saved [17750]

--2026-03-27 22:14:04--  https://www.clover.ai/services
Reusing existing connection to www.clover.ai:443.
HTTP request sent, awaiting response... 200 OK
Length: unspecified [text/html]
Saving to: ‘/tmp/cloverai_legacy_snapshot.Zi0zRV/mirror/www.clover.ai/services.html’

     0K .......... ...                                         68.5M=0s

2026-03-27 22:14:04 (68.5 MB/s) - ‘/tmp/cloverai_legacy_snapshot.Zi0zRV/mirror/www.clover.ai/services.html’ saved [14085]

--2026-03-27 22:14:04--  https://www.clover.ai/contact
Reusing existing connection to www.clover.ai:443.
HTTP request sent, awaiting response... 200 OK
Length: unspecified [text/html]
Saving to: ‘/tmp/cloverai_legacy_snapshot.Zi0zRV/mirror/www.clover.ai/contact.html’

     0K ........                                               48.6M=0s

2026-03-27 22:14:04 (48.6 MB/s) - ‘/tmp/cloverai_legacy_snapshot.Zi0zRV/mirror/www.clover.ai/contact.html’ saved [8970]

FINISHED --2026-03-27 22:14:04--
Total wall clock time: 0.7s
Downloaded: 5 files, 64K in 0.004s (17.0 MB/s)
Converting links in /tmp/cloverai_legacy_snapshot.Zi0zRV/mirror/www.clover.ai/contact.html... 17.
17-0
Converting links in /tmp/cloverai_legacy_snapshot.Zi0zRV/mirror/www.clover.ai/programming-language.html... 18.
18-0
Converting links in /tmp/cloverai_legacy_snapshot.Zi0zRV/mirror/www.clover.ai/about-us.html... 28.
28-0
Converting links in /tmp/cloverai_legacy_snapshot.Zi0zRV/mirror/www.clover.ai/index.html... 20.
20-0
Converting links in /tmp/cloverai_legacy_snapshot.Zi0zRV/mirror/www.clover.ai/services.html... 20.
20-0
Converted links in 5 files in 0.006 seconds.
